<?xml version="1.0" encoding="UTF-8"?>
<testng-results ignored="0" total="1" passed="1" failed="0" skipped="0">
  <reporter-output>
  </reporter-output>
  <suite started-at="2023-07-13T21:36:21 EEST" name="testrunner.TestRunner" finished-at="2023-07-13T21:36:32 EEST" duration-ms="11441">
    <groups>
      <group name="cucumber">
        <method signature="AbstractTestNGCucumberTests.runScenario(io.cucumber.testng.PickleWrapper,io.cucumber.testng.FeatureWrapper)[pri:0, instance:testrunner.TestRunner@43ee72e6]" name="runScenario" class="io.cucumber.testng.AbstractTestNGCucumberTests"/>
      </group> <!-- cucumber -->
    </groups>
    <test started-at="2023-07-13T21:36:21 EEST" name="Command line test" finished-at="2023-07-13T21:36:32 EEST" duration-ms="11441">
      <class name="testrunner.TestRunner">
        <test-method is-config="true" signature="setUpClass(org.testng.ITestContext)[pri:0, instance:testrunner.TestRunner@43ee72e6]" started-at="2023-07-13T21:36:21 EEST" name="setUpClass" finished-at="2023-07-13T21:36:21 EEST" duration-ms="440" status="PASS">
          <params>
            <param index="0">
              <value>
                <![CDATA[org.testng.TestRunner@4c51077d]]>
              </value>
            </param>
          </params>
          <reporter-output>
          </reporter-output>
        </test-method> <!-- setUpClass -->
        <test-method signature="runScenario(io.cucumber.testng.PickleWrapper,io.cucumber.testng.FeatureWrapper)[pri:0, instance:testrunner.TestRunner@43ee72e6]" started-at="2023-07-13T21:36:21 EEST" name="runScenario" description="Runs Cucumber Scenarios" data-provider="scenarios" finished-at="2023-07-13T21:36:32 EEST" duration-ms="10932" status="PASS">
          <params>
            <param index="0">
              <value>
                <![CDATA["Search for YouTube and verify the YouTube page"]]>
              </value>
            </param>
            <param index="1">
              <value>
                <![CDATA["Google Search"]]>
              </value>
            </param>
          </params>
          <reporter-output>
          </reporter-output>
        </test-method> <!-- runScenario -->
        <test-method is-config="true" signature="tearDownClass()[pri:0, instance:testrunner.TestRunner@43ee72e6]" started-at="2023-07-13T21:36:32 EEST" name="tearDownClass" finished-at="2023-07-13T21:36:32 EEST" duration-ms="37" status="PASS">
          <reporter-output>
          </reporter-output>
        </test-method> <!-- tearDownClass -->
      </class> <!-- testrunner.TestRunner -->
    </test> <!-- Command line test -->
  </suite> <!-- testrunner.TestRunner -->
</testng-results>
